[debug] [2019-08-09T21:12:14.970Z] ----------------------------------------------------------------------
[debug] [2019-08-09T21:12:14.972Z] Command:       /usr/bin/node /home/hitman/.npm-global/bin/firebase deploy
[debug] [2019-08-09T21:12:14.972Z] CLI Version:   7.2.2
[debug] [2019-08-09T21:12:14.972Z] Platform:      linux
[debug] [2019-08-09T21:12:14.972Z] Node Version:  v12.7.0
[debug] [2019-08-09T21:12:14.972Z] Time:          Sat Aug 10 2019 00:12:14 GMT+0300 (GMT+03:00)
[debug] [2019-08-09T21:12:14.972Z] ----------------------------------------------------------------------
[debug] 
[debug] [2019-08-09T21:12:14.983Z] > command requires scopes: ["email","openid","https://www.googleapis.com/auth/cloudplatformprojects.readonly","https://www.googleapis.com/auth/firebase","https://www.googleapis.com/auth/cloud-platform"]
[debug] [2019-08-09T21:12:14.983Z] > authorizing via signed-in user
[debug] [2019-08-09T21:12:14.983Z] [iam] checking project sprintfuck for permissions ["firebase.projects.get","firebasehosting.sites.update"]
[debug] [2019-08-09T21:12:14.985Z] > refreshing access token with scopes: ["email","https://www.googleapis.com/auth/cloud-platform","https://www.googleapis.com/auth/cloudplatformprojects.readonly","https://www.googleapis.com/auth/firebase","openid"]
[debug] [2019-08-09T21:12:14.985Z] >>> HTTP REQUEST POST https://www.googleapis.com/oauth2/v3/token  
 <request body omitted>
[debug] [2019-08-09T21:12:15.175Z] <<< HTTP RESPONSE 200
[debug] [2019-08-09T21:12:15.181Z] >>> HTTP REQUEST POST https://cloudresourcemanager.googleapis.com/v1/projects/sprintfuck:testIamPermissions  

[debug] [2019-08-09T21:12:16.177Z] <<< HTTP RESPONSE 200
[debug] [2019-08-09T21:12:16.184Z] >>> HTTP REQUEST GET https://firebase.googleapis.com/v1beta1/projects/sprintfuck  
 
[debug] [2019-08-09T21:12:16.579Z] <<< HTTP RESPONSE 200
[info] 
[info] === Deploying to 'sprintfuck'...
[info] 
[info] i  deploying hosting
[debug] [2019-08-09T21:12:16.585Z] >>> HTTP REQUEST POST https://firebasehosting.googleapis.com/v1beta1/sites/sprintfuck/versions  

